<?xml version="1.0" encoding="UTF-8"?>
<testsuite xmlns:xsi="http://www.w3.org/2001/XMLSchema-instance" xsi:noNamespaceSchemaLocation="https://maven.apache.org/surefire/maven-surefire-plugin/xsd/surefire-test-report-3.0.xsd" version="3.0" name="edu.brown.cs.student.coreachord.TransitionMatrixTest" time="55.461" tests="5" errors="0" skipped="0" failures="0">
  <properties>
[...]
</properties>
  <testcase name="testGetCorrespondingChord" classname="edu.brown.cs.student.coreachord.TransitionMatrixTest" time="0"/>
  <testcase name="testGetNextChordIndex" classname="edu.brown.cs.student.coreachord.TransitionMatrixTest" time="46.369"/>
  <testcase name="testDigitize" classname="edu.brown.cs.student.coreachord.TransitionMatrixTest" time="9.085"/>
  <testcase name="testInitialization" classname="edu.brown.cs.student.coreachord.TransitionMatrixTest" time="0.001"/>
  <testcase name="testGetNumChords" classname="edu.brown.cs.student.coreachord.TransitionMatrixTest" time="0.001"/>
</testsuite>